#
# There is insufficient memory for the Java Runtime Environment to continue.
# Native memory allocation (mmap) failed to map 130023424 bytes for G1 virtual space
# Possible reasons:
#   The system is out of physical RAM or swap space
#   The process is running with CompressedOops enabled, and the Java Heap may be blocking the growth of the native heap
# Possible solutions:
#   Reduce memory load on the system
#   Increase physical memory or swap space
#   Check if swap backing store is full
#   Decrease Java heap size (-Xmx/-Xms)
#   Decrease number of Java threads
#   Decrease Java thread stack sizes (-Xss)
#   Set larger code cache with -XX:ReservedCodeCacheSize=
#   JVM is running with Unscaled Compressed Oops mode in which the Java heap is
#     placed in the first 4GB address space. The Java Heap base address is the
#     maximum limit for the native heap growth. Please use -XX:HeapBaseMinAddress
#     to set the Java Heap base and to place the Java Heap above 4GB virtual address.
# This output file may be truncated or incomplete.
#
#  Out of Memory Error (os_windows.cpp:3527), pid=1228, tid=636
#
# JRE version:  (19.0+36) (build )
# Java VM: Java HotSpot(TM) 64-Bit Server VM (19+36-2238, mixed mode, sharing, tiered, compressed oops, compressed class ptrs, g1 gc, windows-amd64)
# No core dump will be written. Minidumps are not enabled by default on client versions of Windows
#

---------------  S U M M A R Y ------------

Command Line: -Dfile.encoding=UTF-8 --module-path=C:\Users\sergi\Documents\NetBeansProjects\ProyectCine\build\classes view.View

Host: 11th Gen Intel(R) Core(TM) i3-1115G4 @ 3.00GHz, 4 cores, 7G,  Windows 11 , 64 bit Build 22621 (10.0.22621.755)
Time: Sat Dec  3 16:53:09 2022 Hora est. Pacífico, Sudamérica elapsed time: 0.009546 seconds (0d 0h 0m 0s)

---------------  T H R E A D  ---------------

Current thread (0x0000021b86379640):  JavaThread "Unknown thread" [_thread_in_vm, id=636, stack(0x0000008b65500000,0x0000008b65600000)]

Stack: [0x0000008b65500000,0x0000008b65600000]
Native frames: (J=compiled Java code, j=interpreted, Vv=VM code, C=native code)
V  [jvm.dll+0x6ee8fa]
V  [jvm.dll+0x857a1e]
V  [jvm.dll+0x85940e]
V  [jvm.dll+0x859ac3]
V  [jvm.dll+0x28291f]
V  [jvm.dll+0x6eb6e9]
V  [jvm.dll+0x6e028a]
V  [jvm.dll+0x357136]
V  [jvm.dll+0x35eb96]
V  [jvm.dll+0x3b555e]
V  [jvm.dll+0x3b578f]
V  [jvm.dll+0x32c6ea]
V  [jvm.dll+0x32d59e]
V  [jvm.dll+0x821b20]
V  [jvm.dll+0x3c27c1]
V  [jvm.dll+0x8022f1]
V  [jvm.dll+0x44b30f]
V  [jvm.dll+0x44cc91]
C  [jli.dll+0x5287]
C  [ucrtbase.dll+0x29363]
C  [KERNEL32.DLL+0x1244d]
C  [ntdll.dll+0x5dfb8]


---------------  P R O C E S S  ---------------

Threads class SMR info:
_java_thread_list=0x00007ffadc0fd048, length=0, elements={
}

Java Threads: ( => current thread )

Other Threads:
  0x0000021b863d78b0 WorkerThread "GC Thread#0" [stack: 0x0000008b65600000,0x0000008b65700000] [id=5756]
  0x0000021b864042f0 ConcurrentGCThread "G1 Main Marker" [stack: 0x0000008b65700000,0x0000008b65800000] [id=18312]
  0x0000021b864063d0 WorkerThread "G1 Conc#0" [stack: 0x0000008b65800000,0x0000008b65900000] [id=14492]

[error occurred during error reporting (printing all threads), id 0xc0000005, EXCEPTION_ACCESS_VIOLATION (0xc0000005) at pc=0x00007ffadb8bd127]

VM state: not at safepoint (not fully initialized)

VM Mutex/Monitor currently owned by a thread:  ([mutex/lock_event])
[0x0000021b86374810] Heap_lock - owner thread: 0x0000021b86379640

Heap address: 0x0000000084c00000, size: 1972 MB, Compressed Oops mode: 32-bit

CDS archive(s) mapped at: [0x0000000000000000-0x0000000000000000-0x0000000000000000), size 0, SharedBaseAddress: 0x0000000800000000, ArchiveRelocationMode: 0.
Narrow klass base: 0x0000000000000000, Narrow klass shift: 0, Narrow klass range: 0x0

GC Precious Log:
 CardTable entry size: 512
 Card Set container configuration: InlinePtr #cards 5 size 8 Array Of Cards #cards 12 size 40 Howl #buckets 4 coarsen threshold 1843 Howl Bitmap #cards 512 size 80 coarsen threshold 460 Card regions per heap region 1 cards per card region 2048

Heap:
 garbage-first heap   total 0K, used 0K [0x0000000084c00000, 0x0000000100000000)
  region size 1024K, 0 young (0K), 0 survivors (0K)

[error occurred during error reporting (printing heap information), id 0xc0000005, EXCEPTION_ACCESS_VIOLATION (0xc0000005) at pc=0x00007ffadbcc6959]

GC Heap History (0 events):
No events

Dll operation events (1 events):
Event: 0.006 Loaded shared library C:\Program Files\Java\jdk-19\bin\java.dll

Deoptimization events (0 events):
No events

Classes loaded (0 events):
No events

Classes unloaded (0 events):
No events

Classes redefined (0 events):
No events

Internal exceptions (0 events):
No events

VM Operations (0 events):
No events

Events (0 events):
No events


Dynamic libraries:
0x00007ff6d5410000 - 0x00007ff6d5420000 	C:\Program Files\Java\jdk-19\bin\java.exe
0x00007ffb2dcd0000 - 0x00007ffb2dee4000 	C:\WINDOWS\SYSTEM32\ntdll.dll
0x00007ffb2cf80000 - 0x00007ffb2d042000 	C:\WINDOWS\System32\KERNEL32.DLL
0x00007ffb2b2c0000 - 0x00007ffb2b65d000 	C:\WINDOWS\System32\KERNELBASE.dll
0x00007ffb2b840000 - 0x00007ffb2b951000 	C:\WINDOWS\System32\ucrtbase.dll
0x00007ffb16bf0000 - 0x00007ffb16c0b000 	C:\Program Files\Java\jdk-19\bin\VCRUNTIME140.dll
0x00007ffb164b0000 - 0x00007ffb164c8000 	C:\Program Files\Java\jdk-19\bin\jli.dll
0x00007ffb2d490000 - 0x00007ffb2d53e000 	C:\WINDOWS\System32\ADVAPI32.dll
0x00007ffb2d050000 - 0x00007ffb2d0f7000 	C:\WINDOWS\System32\msvcrt.dll
0x00007ffb2d6e0000 - 0x00007ffb2d784000 	C:\WINDOWS\System32\sechost.dll
0x00007ffb2bad0000 - 0x00007ffb2bbe5000 	C:\WINDOWS\System32\RPCRT4.dll
0x00007ffb2bc50000 - 0x00007ffb2bdfa000 	C:\WINDOWS\System32\USER32.dll
0x00007ffb1d1a0000 - 0x00007ffb1d42e000 	C:\WINDOWS\WinSxS\amd64_microsoft.windows.common-controls_6595b64144ccf1df_6.0.22621.608_none_a9444ca7c10bb01d\COMCTL32.dll
0x00007ffb2b290000 - 0x00007ffb2b2b6000 	C:\WINDOWS\System32\win32u.dll
0x00007ffb2d280000 - 0x00007ffb2d2a9000 	C:\WINDOWS\System32\GDI32.dll
0x00007ffb2b100000 - 0x00007ffb2b212000 	C:\WINDOWS\System32\gdi32full.dll
0x00007ffb2b7a0000 - 0x00007ffb2b83a000 	C:\WINDOWS\System32\msvcp_win.dll
0x00007ffb23c60000 - 0x00007ffb23c6a000 	C:\WINDOWS\SYSTEM32\VERSION.dll
0x00007ffb2c090000 - 0x00007ffb2c0c2000 	C:\WINDOWS\System32\IMM32.DLL
0x00007ffb21f30000 - 0x00007ffb21f3c000 	C:\Program Files\Java\jdk-19\bin\vcruntime140_1.dll
0x00007ffb127d0000 - 0x00007ffb1285e000 	C:\Program Files\Java\jdk-19\bin\msvcp140.dll
0x00007ffadb580000 - 0x00007ffadc240000 	C:\Program Files\Java\jdk-19\bin\server\jvm.dll
0x00007ffb21e20000 - 0x00007ffb21e54000 	C:\WINDOWS\SYSTEM32\WINMM.dll
0x00007ffb25e00000 - 0x00007ffb25e09000 	C:\WINDOWS\SYSTEM32\WSOCK32.dll
0x00007ffb2dc10000 - 0x00007ffb2dc81000 	C:\WINDOWS\System32\WS2_32.dll
0x00007ffb2a170000 - 0x00007ffb2a188000 	C:\WINDOWS\SYSTEM32\kernel.appcore.dll
0x00007ffb18260000 - 0x00007ffb1826a000 	C:\Program Files\Java\jdk-19\bin\jimage.dll
0x00007ffb28e10000 - 0x00007ffb2903e000 	C:\WINDOWS\SYSTEM32\DBGHELP.DLL
0x00007ffb2c240000 - 0x00007ffb2c5ca000 	C:\WINDOWS\System32\combase.dll
0x00007ffb2d2c0000 - 0x00007ffb2d397000 	C:\WINDOWS\System32\OLEAUT32.dll
0x00007ffb0b340000 - 0x00007ffb0b372000 	C:\WINDOWS\SYSTEM32\dbgcore.DLL
0x00007ffb2b660000 - 0x00007ffb2b6db000 	C:\WINDOWS\System32\bcryptPrimitives.dll
0x00007ffb161a0000 - 0x00007ffb161c6000 	C:\Program Files\Java\jdk-19\bin\java.dll

dbghelp: loaded successfully - version: 4.0.5 - missing functions: none
symbol engine: initialized successfully - sym options: 0x614 - pdb path: .;C:\Program Files\Java\jdk-19\bin;C:\WINDOWS\SYSTEM32;C:\WINDOWS\WinSxS\amd64_microsoft.windows.common-controls_6595b64144ccf1df_6.0.22621.608_none_a9444ca7c10bb01d;C:\Program Files\Java\jdk-19\bin\server

VM Arguments:
jvm_args: -Dfile.encoding=UTF-8 --module-path=C:\Users\sergi\Documents\NetBeansProjects\ProyectCine\build\classes 
java_command: view.View
java_class_path (initial): C:\Users\sergi\Desktop\tercer semestre\POO\json-simple-1.1.1.jar\json-simple-1.1.1.jar;C:\Program Files\NetBeans-15\netbeans\java\modules\ext\AbsoluteLayout.jar;C:\Users\sergi\Documents\NetBeansProjects\ProyectCine\build\classes
Launcher Type: SUN_STANDARD

[Global flags]
     intx CICompilerCount                          = 3                                         {product} {ergonomic}
     uint ConcGCThreads                            = 1                                         {product} {ergonomic}
     uint G1ConcRefinementThreads                  = 4                                         {product} {ergonomic}
   size_t G1HeapRegionSize                         = 1048576                                   {product} {ergonomic}
    uintx GCDrainStackTargetSize                   = 64                                        {product} {ergonomic}
   size_t InitialHeapSize                          = 130023424                                 {product} {ergonomic}
   size_t MarkStackSize                            = 4194304                                   {product} {ergonomic}
   size_t MaxHeapSize                              = 2067791872                                {product} {ergonomic}
   size_t MinHeapDeltaBytes                        = 1048576                                   {product} {ergonomic}
   size_t MinHeapSize                              = 8388608                                   {product} {ergonomic}
    uintx NonNMethodCodeHeapSize                   = 5832780                                {pd product} {ergonomic}
    uintx NonProfiledCodeHeapSize                  = 122912730                              {pd product} {ergonomic}
    uintx ProfiledCodeHeapSize                     = 122912730                              {pd product} {ergonomic}
    uintx ReservedCodeCacheSize                    = 251658240                              {pd product} {ergonomic}
     bool SegmentedCodeCache                       = true                                      {product} {ergonomic}
   size_t SoftMaxHeapSize                          = 2067791872                             {manageable} {ergonomic}
     bool UseCompressedClassPointers               = true                           {product lp64_product} {ergonomic}
     bool UseCompressedOops                        = true                           {product lp64_product} {ergonomic}
     bool UseG1GC                                  = true                                      {product} {ergonomic}
     bool UseLargePagesIndividualAllocation        = false                                  {pd product} {ergonomic}

Logging:
Log output configuration:
 #0: stdout all=warning uptime,level,tags foldmultilines=false
 #1: stderr all=off uptime,level,tags foldmultilines=false

Environment Variables:
JAVA_HOME=C:\Program Files\Java\jdk-19
PATH=C:\Program Files\Common Files\Oracle\Java\javapath;C:\Program Files\Microsoft MPI\Bin\;C:\ProgramData\Oracle\Java\javapath;C:\WINDOWS\system32;C:\WINDOWS;C:\WINDOWS\System32\Wbem;C:\WINDOWS\System32\WindowsPowerShell\v1.0\;C:\WINDOWS\System32\OpenSSH\;C:\Program Files\Java\jdk-16.0.1\bin;C:\MinGW\bin;C:\Program Files\dotnet\;C:\Program Files (x86)\Microsoft SQL Server\150\Tools\Binn\;C:\Program Files\Microsoft SQL Server\150\Tools\Binn\;C:\Program Files (x86)\Microsoft SQL Server\150\DTS\Binn\;C:\Program Files\Microsoft SQL Server\150\DTS\Binn\;C:\Program Files\Microsoft SQL Server\Client SDK\ODBC\170\Tools\Binn\;C:\Program Files\Azure Data Studio\bin;C:\Program Files\MySQL\MySQL Server 8.0\bin;C:\Program Files\Git\cmd;C:\Program Files\Microsoft SQL Server\130\Tools\Binn\;C:\WINDOWS\system32;C:\WINDOWS;C:\WINDOWS\System32\Wbem;C:\WINDOWS\System32\WindowsPowerShell\v1.0\;C:\WINDOWS\System32\OpenSSH\;C:\Program Files\Java\jdk-19\bin;C:\Program Files\nodejs\;C:\Users\sergi\AppData\Local\Programs\Python\Python310\Scripts\;C:\Users\sergi\AppData\Local\Programs\Python\Python310\;C:\Program Files\MySQL\MySQL Shell 8.0\bin\;C:\Users\sergi\AppData\Local\Microsoft\WindowsApps;C:\Program Files\JetBrains\PyCharm 2021.1.1\bin;;C:\Users\sergi\AppData\Local\Programs\Microsoft VS Code\bin;C:\MinGW\bin;C:\Users\sergi\.dotnet\tools;C:\Program Files\Azure Data Studio\bin;C:\Program Files\MySQL\MySQL Server 8.0\bin;C:\Users\sergi\AppData\Roaming\npm
USERNAME=sergi
OS=Windows_NT
PROCESSOR_IDENTIFIER=Intel64 Family 6 Model 140 Stepping 1, GenuineIntel
TMP=C:\Users\sergi\AppData\Local\Temp
TEMP=C:\Users\sergi\AppData\Local\Temp



---------------  S Y S T E M  ---------------

OS:
 Windows 11 , 64 bit Build 22621 (10.0.22621.755)
OS uptime: 1 days 5:20 hours

CPU: total 4 (initial active 4) (2 cores per cpu, 2 threads per core) family 6 model 140 stepping 1 microcode 0x86, cx8, cmov, fxsr, ht, mmx, 3dnowpref, sse, sse2, sse3, ssse3, sse4.1, sse4.2, popcnt, lzcnt, tsc, tscinvbit, avx, avx2, aes, erms, clmul, bmi1, bmi2, adx, avx512f, avx512dq, avx512cd, avx512bw, avx512vl, sha, fma, vzeroupper, avx512_vpopcntdq, avx512_vpclmulqdq, avx512_vaes, avx512_vnni, clflush, clflushopt, clwb, avx512_vbmi2, avx512_vbmi, rdtscp, rdpid, fsrm, gfni, avx512_bitalg

Memory: 4k page, system-wide physical 7885M (458M free)
TotalPageFile size 14385M (AvailPageFile size 95M)
current process WorkingSet (physical memory assigned to process): 11M, peak: 11M
current process commit charge ("private bytes"): 52M, peak: 176M

vm_info: Java HotSpot(TM) 64-Bit Server VM (19+36-2238) for windows-amd64 JRE (19+36-2238), built on 2022-08-12T20:29:01Z by "mach5one" with MS VC++ 17.1 (VS2022)

END.
