#
# There is insufficient memory for the Java Runtime Environment to continue.
# Native memory allocation (malloc) failed to allocate 357296 bytes for Chunk::new
# Possible reasons:
#   The system is out of physical RAM or swap space
#   The process is running with CompressedOops enabled, and the Java Heap may be blocking the growth of the native heap
# Possible solutions:
#   Reduce memory load on the system
#   Increase physical memory or swap space
#   Check if swap backing store is full
#   Decrease Java heap size (-Xmx/-Xms)
#   Decrease number of Java threads
#   Decrease Java thread stack sizes (-Xss)
#   Set larger code cache with -XX:ReservedCodeCacheSize=
#   JVM is running with Unscaled Compressed Oops mode in which the Java heap is
#     placed in the first 4GB address space. The Java Heap base address is the
#     maximum limit for the native heap growth. Please use -XX:HeapBaseMinAddress
#     to set the Java Heap base and to place the Java Heap above 4GB virtual address.
# This output file may be truncated or incomplete.
#
#  Out of Memory Error (arena.cpp:184), pid=8576, tid=15968
#
# JRE version: Java(TM) SE Runtime Environment (19.0+36) (build 19+36-2238)
# Java VM: Java HotSpot(TM) 64-Bit Server VM (19+36-2238, mixed mode, sharing, tiered, compressed oops, compressed class ptrs, g1 gc, windows-amd64)
# No core dump will be written. Minidumps are not enabled by default on client versions of Windows
#

---------------  S U M M A R Y ------------

Command Line: -Dfile.encoding=UTF-8 --module-path=C:\Users\sergi\Documents\NetBeansProjects\ProyectCine\build\classes view.View

Host: 11th Gen Intel(R) Core(TM) i3-1115G4 @ 3.00GHz, 4 cores, 7G,  Windows 11 , 64 bit Build 22621 (10.0.22621.755)
Time: Sat Dec  3 16:53:34 2022 Hora est. Pacífico, Sudamérica elapsed time: 0.461165 seconds (0d 0h 0m 0s)

---------------  T H R E A D  ---------------

Current thread (0x00000280c9ca24f0):  JavaThread "C2 CompilerThread0" daemon [_thread_in_native, id=15968, stack(0x000000fd43600000,0x000000fd43700000)]


Current CompileTask:
C2:    461  948 %     4       sun.java2d.marlin.MarlinTileGenerator::getAlphaRLE @ 947 (1749 bytes)

Stack: [0x000000fd43600000,0x000000fd43700000]
Native frames: (J=compiled Java code, j=interpreted, Vv=VM code, C=native code)
V  [jvm.dll+0x6ee8fa]
V  [jvm.dll+0x857a1e]
V  [jvm.dll+0x85940e]
V  [jvm.dll+0x859ac3]
V  [jvm.dll+0x28291f]
V  [jvm.dll+0xc9b5f]
V  [jvm.dll+0xc9ee5]
V  [jvm.dll+0x3bcbac]
V  [jvm.dll+0x1ee31a]
V  [jvm.dll+0x24c41b]
V  [jvm.dll+0x24b671]
V  [jvm.dll+0x1d6d61]
V  [jvm.dll+0x25b0fa]
V  [jvm.dll+0x259588]
V  [jvm.dll+0x807928]
V  [jvm.dll+0x8015fa]
V  [jvm.dll+0x6ed5eb]
C  [ucrtbase.dll+0x29363]
C  [KERNEL32.DLL+0x1244d]
C  [ntdll.dll+0x5dfb8]


---------------  P R O C E S S  ---------------

Threads class SMR info:
_java_thread_list=0x00000280cf2ea740, length=19, elements={
0x00000280c9c98170, 0x00000280c9c98b90, 0x00000280c9c9b920, 0x00000280c9c9c340,
0x00000280c9c9cd60, 0x00000280c9c9d780, 0x00000280c9ca24f0, 0x00000280c9cad7d0,
0x00000280c9cadd50, 0x00000280ce0b1f00, 0x00000280ce149e90, 0x00000280ce1a4190,
0x00000280ce2e1ef0, 0x00000280ce2e2430, 0x00000280ce3b2020, 0x00000280a9fdae20,
0x00000280cf1c2ea0, 0x00000280cf2beea0, 0x00000280cf2eaa50
}

Java Threads: ( => current thread )
  0x00000280c9c98170 JavaThread "Reference Handler" daemon [_thread_blocked, id=16132, stack(0x000000fd43000000,0x000000fd43100000)]
  0x00000280c9c98b90 JavaThread "Finalizer" daemon [_thread_blocked, id=13764, stack(0x000000fd43100000,0x000000fd43200000)]
  0x00000280c9c9b920 JavaThread "Signal Dispatcher" daemon [_thread_blocked, id=12628, stack(0x000000fd43200000,0x000000fd43300000)]
  0x00000280c9c9c340 JavaThread "Attach Listener" daemon [_thread_blocked, id=13480, stack(0x000000fd43300000,0x000000fd43400000)]
  0x00000280c9c9cd60 JavaThread "Service Thread" daemon [_thread_blocked, id=13784, stack(0x000000fd43400000,0x000000fd43500000)]
  0x00000280c9c9d780 JavaThread "Monitor Deflation Thread" daemon [_thread_blocked, id=19008, stack(0x000000fd43500000,0x000000fd43600000)]
=>0x00000280c9ca24f0 JavaThread "C2 CompilerThread0" daemon [_thread_in_native, id=15968, stack(0x000000fd43600000,0x000000fd43700000)]
  0x00000280c9cad7d0 JavaThread "C1 CompilerThread0" daemon [_thread_blocked, id=17808, stack(0x000000fd43700000,0x000000fd43800000)]
  0x00000280c9cadd50 JavaThread "Sweeper thread" daemon [_thread_blocked, id=2364, stack(0x000000fd43800000,0x000000fd43900000)]
  0x00000280ce0b1f00 JavaThread "Common-Cleaner" daemon [_thread_blocked, id=11448, stack(0x000000fd43900000,0x000000fd43a00000)]
  0x00000280ce149e90 JavaThread "Notification Thread" daemon [_thread_blocked, id=6380, stack(0x000000fd43a00000,0x000000fd43b00000)]
  0x00000280ce1a4190 JavaThread "Java2D Disposer" daemon [_thread_blocked, id=15988, stack(0x000000fd43c00000,0x000000fd43d00000)]
  0x00000280ce2e1ef0 JavaThread "AWT-Shutdown" [_thread_blocked, id=6220, stack(0x000000fd43d00000,0x000000fd43e00000)]
  0x00000280ce2e2430 JavaThread "AWT-Windows" daemon [_thread_in_native, id=4080, stack(0x000000fd43e00000,0x000000fd43f00000)]
  0x00000280ce3b2020 JavaThread "AWT-EventQueue-0" [_thread_in_Java, id=17836, stack(0x000000fd43f00000,0x000000fd44000000)]
  0x00000280a9fdae20 JavaThread "DestroyJavaVM" [_thread_blocked, id=3988, stack(0x000000fd42900000,0x000000fd42a00000)]
  0x00000280cf1c2ea0 JavaThread "TimerQueue" daemon [_thread_blocked, id=5320, stack(0x000000fd44000000,0x000000fd44100000)]
  0x00000280cf2beea0 JavaThread "Image Fetcher 0" daemon [_thread_blocked, id=8564, stack(0x000000fd44400000,0x000000fd44500000)]
  0x00000280cf2eaa50 JavaThread "C2 CompilerThread1" daemon [_thread_in_native, id=13452, stack(0x000000fd44500000,0x000000fd44600000)]

Other Threads:
  0x00000280c9c768d0 VMThread "VM Thread" [stack: 0x000000fd42f00000,0x000000fd43000000] [id=19324]
  0x00000280ce0d5c40 WatcherThread "VM Periodic Task Thread" [stack: 0x000000fd43b00000,0x000000fd43c00000] [id=16448]
  0x00000280aa03a990 WorkerThread "GC Thread#0" [stack: 0x000000fd42a00000,0x000000fd42b00000] [id=3500]
  0x00000280aa04ae70 ConcurrentGCThread "G1 Main Marker" [stack: 0x000000fd42b00000,0x000000fd42c00000] [id=18788]
  0x00000280aa04c7b0 WorkerThread "G1 Conc#0" [stack: 0x000000fd42c00000,0x000000fd42d00000] [id=6620]
  0x00000280aa09ea00 ConcurrentGCThread "G1 Refine#0" [stack: 0x000000fd42d00000,0x000000fd42e00000] [id=13944]
  0x00000280c9b354d0 ConcurrentGCThread "G1 Service" [stack: 0x000000fd42e00000,0x000000fd42f00000] [id=12600]

Threads with active compile tasks:
C2 CompilerThread0      472  948 %     4       sun.java2d.marlin.MarlinTileGenerator::getAlphaRLE @ 947 (1749 bytes)
C2 CompilerThread1      473  957 %     4       sun.java2d.marlin.Renderer::_endRendering @ 784 (2480 bytes)

VM state: not at safepoint (normal execution)

VM Mutex/Monitor currently owned by a thread: None

Heap address: 0x0000000084c00000, size: 1972 MB, Compressed Oops mode: 32-bit

CDS archive(s) mapped at: [0x0000000800000000-0x0000000800c40000-0x0000000800c40000), size 12845056, SharedBaseAddress: 0x0000000800000000, ArchiveRelocationMode: 0.
Compressed class space mapped at: 0x0000000801000000-0x0000000841000000, reserved size: 1073741824
Narrow klass base: 0x0000000800000000, Narrow klass shift: 0, Narrow klass range: 0x100000000

GC Precious Log:
 CardTable entry size: 512
 Card Set container configuration: InlinePtr #cards 5 size 8 Array Of Cards #cards 12 size 40 Howl #buckets 4 coarsen threshold 1843 Howl Bitmap #cards 512 size 80 coarsen threshold 460 Card regions per heap region 1 cards per card region 2048
 CPUs: 4 total, 4 available
 Memory: 7885M
 Large Page Support: Disabled
 NUMA Support: Disabled
 Compressed Oops: Enabled (32-bit)
 Heap Region Size: 1M
 Heap Min Capacity: 8M
 Heap Initial Capacity: 124M
 Heap Max Capacity: 1972M
 Pre-touch: Disabled
 Parallel Workers: 4
 Concurrent Workers: 1
 Concurrent Refinement Workers: 4
 Periodic GC: Disabled

Heap:
 garbage-first heap   total 126976K, used 18432K [0x0000000084c00000, 0x0000000100000000)
  region size 1024K, 10 young (10240K), 0 survivors (0K)
 Metaspace       used 9790K, committed 9984K, reserved 1114112K
  class space    used 1119K, committed 1216K, reserved 1048576K

Heap Regions: E=young(eden), S=young(survivor), O=old, HS=humongous(starts), HC=humongous(continues), CS=collection set, F=free, OA=open archive, CA=closed archive, TAMS=top-at-mark-start (previous, next)
|   0|0x0000000084c00000, 0x0000000084d00000, 0x0000000084d00000|100%|HS|  |TAMS 0x0000000084c00000, 0x0000000084c00000| Complete 
|   1|0x0000000084d00000, 0x0000000084e00000, 0x0000000084e00000|100%|HC|  |TAMS 0x0000000084d00000, 0x0000000084d00000| Complete 
|   2|0x0000000084e00000, 0x0000000084f00000, 0x0000000084f00000|100%|HS|  |TAMS 0x0000000084e00000, 0x0000000084e00000| Complete 
|   3|0x0000000084f00000, 0x0000000085000000, 0x0000000085000000|100%|HC|  |TAMS 0x0000000084f00000, 0x0000000084f00000| Complete 
|   4|0x0000000085000000, 0x0000000085100000, 0x0000000085100000|100%|HC|  |TAMS 0x0000000085000000, 0x0000000085000000| Complete 
|   5|0x0000000085100000, 0x0000000085200000, 0x0000000085200000|100%|HC|  |TAMS 0x0000000085100000, 0x0000000085100000| Complete 
|   6|0x0000000085200000, 0x0000000085300000, 0x0000000085300000|100%|HC|  |TAMS 0x0000000085200000, 0x0000000085200000| Complete 
|   7|0x0000000085300000, 0x0000000085400000, 0x0000000085400000|100%|HC|  |TAMS 0x0000000085300000, 0x0000000085300000| Complete 
|   8|0x0000000085400000, 0x0000000085500000, 0x0000000085500000|100%|HC|  |TAMS 0x0000000085400000, 0x0000000085400000| Complete 
|   9|0x0000000085500000, 0x0000000085500000, 0x0000000085600000|  0%| F|  |TAMS 0x0000000085500000, 0x0000000085500000| Untracked 
|  10|0x0000000085600000, 0x0000000085600000, 0x0000000085700000|  0%| F|  |TAMS 0x0000000085600000, 0x0000000085600000| Untracked 
|  11|0x0000000085700000, 0x0000000085700000, 0x0000000085800000|  0%| F|  |TAMS 0x0000000085700000, 0x0000000085700000| Untracked 
|  12|0x0000000085800000, 0x0000000085800000, 0x0000000085900000|  0%| F|  |TAMS 0x0000000085800000, 0x0000000085800000| Untracked 
|  13|0x0000000085900000, 0x0000000085900000, 0x0000000085a00000|  0%| F|  |TAMS 0x0000000085900000, 0x0000000085900000| Untracked 
|  14|0x0000000085a00000, 0x0000000085a00000, 0x0000000085b00000|  0%| F|  |TAMS 0x0000000085a00000, 0x0000000085a00000| Untracked 
|  15|0x0000000085b00000, 0x0000000085b00000, 0x0000000085c00000|  0%| F|  |TAMS 0x0000000085b00000, 0x0000000085b00000| Untracked 
|  16|0x0000000085c00000, 0x0000000085c00000, 0x0000000085d00000|  0%| F|  |TAMS 0x0000000085c00000, 0x0000000085c00000| Untracked 
|  17|0x0000000085d00000, 0x0000000085d00000, 0x0000000085e00000|  0%| F|  |TAMS 0x0000000085d00000, 0x0000000085d00000| Untracked 
|  18|0x0000000085e00000, 0x0000000085e00000, 0x0000000085f00000|  0%| F|  |TAMS 0x0000000085e00000, 0x0000000085e00000| Untracked 
|  19|0x0000000085f00000, 0x0000000085f00000, 0x0000000086000000|  0%| F|  |TAMS 0x0000000085f00000, 0x0000000085f00000| Untracked 
|  20|0x0000000086000000, 0x0000000086000000, 0x0000000086100000|  0%| F|  |TAMS 0x0000000086000000, 0x0000000086000000| Untracked 
|  21|0x0000000086100000, 0x0000000086100000, 0x0000000086200000|  0%| F|  |TAMS 0x0000000086100000, 0x0000000086100000| Untracked 
|  22|0x0000000086200000, 0x0000000086200000, 0x0000000086300000|  0%| F|  |TAMS 0x0000000086200000, 0x0000000086200000| Untracked 
|  23|0x0000000086300000, 0x0000000086300000, 0x0000000086400000|  0%| F|  |TAMS 0x0000000086300000, 0x0000000086300000| Untracked 
|  24|0x0000000086400000, 0x0000000086400000, 0x0000000086500000|  0%| F|  |TAMS 0x0000000086400000, 0x0000000086400000| Untracked 
|  25|0x0000000086500000, 0x0000000086500000, 0x0000000086600000|  0%| F|  |TAMS 0x0000000086500000, 0x0000000086500000| Untracked 
|  26|0x0000000086600000, 0x0000000086600000, 0x0000000086700000|  0%| F|  |TAMS 0x0000000086600000, 0x0000000086600000| Untracked 
|  27|0x0000000086700000, 0x0000000086700000, 0x0000000086800000|  0%| F|  |TAMS 0x0000000086700000, 0x0000000086700000| Untracked 
|  28|0x0000000086800000, 0x0000000086800000, 0x0000000086900000|  0%| F|  |TAMS 0x0000000086800000, 0x0000000086800000| Untracked 
|  29|0x0000000086900000, 0x0000000086900000, 0x0000000086a00000|  0%| F|  |TAMS 0x0000000086900000, 0x0000000086900000| Untracked 
|  30|0x0000000086a00000, 0x0000000086a00000, 0x0000000086b00000|  0%| F|  |TAMS 0x0000000086a00000, 0x0000000086a00000| Untracked 
|  31|0x0000000086b00000, 0x0000000086b00000, 0x0000000086c00000|  0%| F|  |TAMS 0x0000000086b00000, 0x0000000086b00000| Untracked 
|  32|0x0000000086c00000, 0x0000000086c00000, 0x0000000086d00000|  0%| F|  |TAMS 0x0000000086c00000, 0x0000000086c00000| Untracked 
|  33|0x0000000086d00000, 0x0000000086d00000, 0x0000000086e00000|  0%| F|  |TAMS 0x0000000086d00000, 0x0000000086d00000| Untracked 
|  34|0x0000000086e00000, 0x0000000086e00000, 0x0000000086f00000|  0%| F|  |TAMS 0x0000000086e00000, 0x0000000086e00000| Untracked 
|  35|0x0000000086f00000, 0x0000000086f00000, 0x0000000087000000|  0%| F|  |TAMS 0x0000000086f00000, 0x0000000086f00000| Untracked 
|  36|0x0000000087000000, 0x0000000087000000, 0x0000000087100000|  0%| F|  |TAMS 0x0000000087000000, 0x0000000087000000| Untracked 
|  37|0x0000000087100000, 0x0000000087100000, 0x0000000087200000|  0%| F|  |TAMS 0x0000000087100000, 0x0000000087100000| Untracked 
|  38|0x0000000087200000, 0x0000000087200000, 0x0000000087300000|  0%| F|  |TAMS 0x0000000087200000, 0x0000000087200000| Untracked 
|  39|0x0000000087300000, 0x0000000087300000, 0x0000000087400000|  0%| F|  |TAMS 0x0000000087300000, 0x0000000087300000| Untracked 
|  40|0x0000000087400000, 0x0000000087400000, 0x0000000087500000|  0%| F|  |TAMS 0x0000000087400000, 0x0000000087400000| Untracked 
|  41|0x0000000087500000, 0x0000000087500000, 0x0000000087600000|  0%| F|  |TAMS 0x0000000087500000, 0x0000000087500000| Untracked 
|  42|0x0000000087600000, 0x0000000087600000, 0x0000000087700000|  0%| F|  |TAMS 0x0000000087600000, 0x0000000087600000| Untracked 
|  43|0x0000000087700000, 0x0000000087700000, 0x0000000087800000|  0%| F|  |TAMS 0x0000000087700000, 0x0000000087700000| Untracked 
|  44|0x0000000087800000, 0x0000000087800000, 0x0000000087900000|  0%| F|  |TAMS 0x0000000087800000, 0x0000000087800000| Untracked 
|  45|0x0000000087900000, 0x0000000087900000, 0x0000000087a00000|  0%| F|  |TAMS 0x0000000087900000, 0x0000000087900000| Untracked 
|  46|0x0000000087a00000, 0x0000000087a00000, 0x0000000087b00000|  0%| F|  |TAMS 0x0000000087a00000, 0x0000000087a00000| Untracked 
|  47|0x0000000087b00000, 0x0000000087b00000, 0x0000000087c00000|  0%| F|  |TAMS 0x0000000087b00000, 0x0000000087b00000| Untracked 
|  48|0x0000000087c00000, 0x0000000087c00000, 0x0000000087d00000|  0%| F|  |TAMS 0x0000000087c00000, 0x0000000087c00000| Untracked 
|  49|0x0000000087d00000, 0x0000000087d00000, 0x0000000087e00000|  0%| F|  |TAMS 0x0000000087d00000, 0x0000000087d00000| Untracked 
|  50|0x0000000087e00000, 0x0000000087e00000, 0x0000000087f00000|  0%| F|  |TAMS 0x0000000087e00000, 0x0000000087e00000| Untracked 
|  51|0x0000000087f00000, 0x0000000087f00000, 0x0000000088000000|  0%| F|  |TAMS 0x0000000087f00000, 0x0000000087f00000| Untracked 
|  52|0x0000000088000000, 0x0000000088000000, 0x0000000088100000|  0%| F|  |TAMS 0x0000000088000000, 0x0000000088000000| Untracked 
|  53|0x0000000088100000, 0x0000000088100000, 0x0000000088200000|  0%| F|  |TAMS 0x0000000088100000, 0x0000000088100000| Untracked 
|  54|0x0000000088200000, 0x0000000088200000, 0x0000000088300000|  0%| F|  |TAMS 0x0000000088200000, 0x0000000088200000| Untracked 
|  55|0x0000000088300000, 0x0000000088300000, 0x0000000088400000|  0%| F|  |TAMS 0x0000000088300000, 0x0000000088300000| Untracked 
|  56|0x0000000088400000, 0x0000000088400000, 0x0000000088500000|  0%| F|  |TAMS 0x0000000088400000, 0x0000000088400000| Untracked 
|  57|0x0000000088500000, 0x0000000088500000, 0x0000000088600000|  0%| F|  |TAMS 0x0000000088500000, 0x0000000088500000| Untracked 
|  58|0x0000000088600000, 0x0000000088600000, 0x0000000088700000|  0%| F|  |TAMS 0x0000000088600000, 0x0000000088600000| Untracked 
|  59|0x0000000088700000, 0x0000000088700000, 0x0000000088800000|  0%| F|  |TAMS 0x0000000088700000, 0x0000000088700000| Untracked 
|  60|0x0000000088800000, 0x0000000088800000, 0x0000000088900000|  0%| F|  |TAMS 0x0000000088800000, 0x0000000088800000| Untracked 
|  61|0x0000000088900000, 0x0000000088900000, 0x0000000088a00000|  0%| F|  |TAMS 0x0000000088900000, 0x0000000088900000| Untracked 
|  62|0x0000000088a00000, 0x0000000088a00000, 0x0000000088b00000|  0%| F|  |TAMS 0x0000000088a00000, 0x0000000088a00000| Untracked 
|  63|0x0000000088b00000, 0x0000000088b00000, 0x0000000088c00000|  0%| F|  |TAMS 0x0000000088b00000, 0x0000000088b00000| Untracked 
|  64|0x0000000088c00000, 0x0000000088c00000, 0x0000000088d00000|  0%| F|  |TAMS 0x0000000088c00000, 0x0000000088c00000| Untracked 
|  65|0x0000000088d00000, 0x0000000088d00000, 0x0000000088e00000|  0%| F|  |TAMS 0x0000000088d00000, 0x0000000088d00000| Untracked 
|  66|0x0000000088e00000, 0x0000000088e00000, 0x0000000088f00000|  0%| F|  |TAMS 0x0000000088e00000, 0x0000000088e00000| Untracked 
|  67|0x0000000088f00000, 0x0000000088f00000, 0x0000000089000000|  0%| F|  |TAMS 0x0000000088f00000, 0x0000000088f00000| Untracked 
|  68|0x0000000089000000, 0x0000000089000000, 0x0000000089100000|  0%| F|  |TAMS 0x0000000089000000, 0x0000000089000000| Untracked 
|  69|0x0000000089100000, 0x0000000089100000, 0x0000000089200000|  0%| F|  |TAMS 0x0000000089100000, 0x0000000089100000| Untracked 
|  70|0x0000000089200000, 0x0000000089200000, 0x0000000089300000|  0%| F|  |TAMS 0x0000000089200000, 0x0000000089200000| Untracked 
|  71|0x0000000089300000, 0x0000000089300000, 0x0000000089400000|  0%| F|  |TAMS 0x0000000089300000, 0x0000000089300000| Untracked 
|  72|0x0000000089400000, 0x0000000089400000, 0x0000000089500000|  0%| F|  |TAMS 0x0000000089400000, 0x0000000089400000| Untracked 
|  73|0x0000000089500000, 0x0000000089500000, 0x0000000089600000|  0%| F|  |TAMS 0x0000000089500000, 0x0000000089500000| Untracked 
|  74|0x0000000089600000, 0x0000000089600000, 0x0000000089700000|  0%| F|  |TAMS 0x0000000089600000, 0x0000000089600000| Untracked 
|  75|0x0000000089700000, 0x0000000089700000, 0x0000000089800000|  0%| F|  |TAMS 0x0000000089700000, 0x0000000089700000| Untracked 
|  76|0x0000000089800000, 0x0000000089800000, 0x0000000089900000|  0%| F|  |TAMS 0x0000000089800000, 0x0000000089800000| Untracked 
|  77|0x0000000089900000, 0x0000000089900000, 0x0000000089a00000|  0%| F|  |TAMS 0x0000000089900000, 0x0000000089900000| Untracked 
|  78|0x0000000089a00000, 0x0000000089a00000, 0x0000000089b00000|  0%| F|  |TAMS 0x0000000089a00000, 0x0000000089a00000| Untracked 
|  79|0x0000000089b00000, 0x0000000089b00000, 0x0000000089c00000|  0%| F|  |TAMS 0x0000000089b00000, 0x0000000089b00000| Untracked 
|  80|0x0000000089c00000, 0x0000000089c00000, 0x0000000089d00000|  0%| F|  |TAMS 0x0000000089c00000, 0x0000000089c00000| Untracked 
|  81|0x0000000089d00000, 0x0000000089d00000, 0x0000000089e00000|  0%| F|  |TAMS 0x0000000089d00000, 0x0000000089d00000| Untracked 
|  82|0x0000000089e00000, 0x0000000089e00000, 0x0000000089f00000|  0%| F|  |TAMS 0x0000000089e00000, 0x0000000089e00000| Untracked 
|  83|0x0000000089f00000, 0x0000000089f00000, 0x000000008a000000|  0%| F|  |TAMS 0x0000000089f00000, 0x0000000089f00000| Untracked 
|  84|0x000000008a000000, 0x000000008a000000, 0x000000008a100000|  0%| F|  |TAMS 0x000000008a000000, 0x000000008a000000| Untracked 
|  85|0x000000008a100000, 0x000000008a100000, 0x000000008a200000|  0%| F|  |TAMS 0x000000008a100000, 0x000000008a100000| Untracked 
|  86|0x000000008a200000, 0x000000008a200000, 0x000000008a300000|  0%| F|  |TAMS 0x000000008a200000, 0x000000008a200000| Untracked 
|  87|0x000000008a300000, 0x000000008a300000, 0x000000008a400000|  0%| F|  |TAMS 0x000000008a300000, 0x000000008a300000| Untracked 
|  88|0x000000008a400000, 0x000000008a400000, 0x000000008a500000|  0%| F|  |TAMS 0x000000008a400000, 0x000000008a400000| Untracked 
|  89|0x000000008a500000, 0x000000008a500000, 0x000000008a600000|  0%| F|  |TAMS 0x000000008a500000, 0x000000008a500000| Untracked 
|  90|0x000000008a600000, 0x000000008a600000, 0x000000008a700000|  0%| F|  |TAMS 0x000000008a600000, 0x000000008a600000| Untracked 
|  91|0x000000008a700000, 0x000000008a700000, 0x000000008a800000|  0%| F|  |TAMS 0x000000008a700000, 0x000000008a700000| Untracked 
|  92|0x000000008a800000, 0x000000008a800000, 0x000000008a900000|  0%| F|  |TAMS 0x000000008a800000, 0x000000008a800000| Untracked 
|  93|0x000000008a900000, 0x000000008a900000, 0x000000008aa00000|  0%| F|  |TAMS 0x000000008a900000, 0x000000008a900000| Untracked 
|  94|0x000000008aa00000, 0x000000008aa00000, 0x000000008ab00000|  0%| F|  |TAMS 0x000000008aa00000, 0x000000008aa00000| Untracked 
|  95|0x000000008ab00000, 0x000000008ab00000, 0x000000008ac00000|  0%| F|  |TAMS 0x000000008ab00000, 0x000000008ab00000| Untracked 
|  96|0x000000008ac00000, 0x000000008ac00000, 0x000000008ad00000|  0%| F|  |TAMS 0x000000008ac00000, 0x000000008ac00000| Untracked 
|  97|0x000000008ad00000, 0x000000008ad00000, 0x000000008ae00000|  0%| F|  |TAMS 0x000000008ad00000, 0x000000008ad00000| Untracked 
|  98|0x000000008ae00000, 0x000000008ae00000, 0x000000008af00000|  0%| F|  |TAMS 0x000000008ae00000, 0x000000008ae00000| Untracked 
|  99|0x000000008af00000, 0x000000008af00000, 0x000000008b000000|  0%| F|  |TAMS 0x000000008af00000, 0x000000008af00000| Untracked 
| 100|0x000000008b000000, 0x000000008b000000, 0x000000008b100000|  0%| F|  |TAMS 0x000000008b000000, 0x000000008b000000| Untracked 
| 101|0x000000008b100000, 0x000000008b100000, 0x000000008b200000|  0%| F|  |TAMS 0x000000008b100000, 0x000000008b100000| Untracked 
| 102|0x000000008b200000, 0x000000008b200000, 0x000000008b300000|  0%| F|  |TAMS 0x000000008b200000, 0x000000008b200000| Untracked 
| 103|0x000000008b300000, 0x000000008b300000, 0x000000008b400000|  0%| F|  |TAMS 0x000000008b300000, 0x000000008b300000| Untracked 
| 104|0x000000008b400000, 0x000000008b400000, 0x000000008b500000|  0%| F|  |TAMS 0x000000008b400000, 0x000000008b400000| Untracked 
| 105|0x000000008b500000, 0x000000008b500000, 0x000000008b600000|  0%| F|  |TAMS 0x000000008b500000, 0x000000008b500000| Untracked 
| 106|0x000000008b600000, 0x000000008b600000, 0x000000008b700000|  0%| F|  |TAMS 0x000000008b600000, 0x000000008b600000| Untracked 
| 107|0x000000008b700000, 0x000000008b700000, 0x000000008b800000|  0%| F|  |TAMS 0x000000008b700000, 0x000000008b700000| Untracked 
| 108|0x000000008b800000, 0x000000008b800000, 0x000000008b900000|  0%| F|  |TAMS 0x000000008b800000, 0x000000008b800000| Untracked 
| 109|0x000000008b900000, 0x000000008b900000, 0x000000008ba00000|  0%| F|  |TAMS 0x000000008b900000, 0x000000008b900000| Untracked 
| 110|0x000000008ba00000, 0x000000008ba00000, 0x000000008bb00000|  0%| F|  |TAMS 0x000000008ba00000, 0x000000008ba00000| Untracked 
| 111|0x000000008bb00000, 0x000000008bb00000, 0x000000008bc00000|  0%| F|  |TAMS 0x000000008bb00000, 0x000000008bb00000| Untracked 
| 112|0x000000008bc00000, 0x000000008bc00000, 0x000000008bd00000|  0%| F|  |TAMS 0x000000008bc00000, 0x000000008bc00000| Untracked 
| 113|0x000000008bd00000, 0x000000008bd00000, 0x000000008be00000|  0%| F|  |TAMS 0x000000008bd00000, 0x000000008bd00000| Untracked 
| 114|0x000000008be00000, 0x000000008bf00000, 0x000000008bf00000|100%| E|  |TAMS 0x000000008be00000, 0x000000008be00000| Complete 
| 115|0x000000008bf00000, 0x000000008c000000, 0x000000008c000000|100%| E|CS|TAMS 0x000000008bf00000, 0x000000008bf00000| Complete 
| 116|0x000000008c000000, 0x000000008c100000, 0x000000008c100000|100%| E|CS|TAMS 0x000000008c000000, 0x000000008c000000| Complete 
| 117|0x000000008c100000, 0x000000008c200000, 0x000000008c200000|100%| E|CS|TAMS 0x000000008c100000, 0x000000008c100000| Complete 
| 118|0x000000008c200000, 0x000000008c300000, 0x000000008c300000|100%| E|CS|TAMS 0x000000008c200000, 0x000000008c200000| Complete 
| 119|0x000000008c300000, 0x000000008c400000, 0x000000008c400000|100%| E|CS|TAMS 0x000000008c300000, 0x000000008c300000| Complete 
| 120|0x000000008c400000, 0x000000008c500000, 0x000000008c500000|100%| E|CS|TAMS 0x000000008c400000, 0x000000008c400000| Complete 
| 121|0x000000008c500000, 0x000000008c600000, 0x000000008c600000|100%| E|CS|TAMS 0x000000008c500000, 0x000000008c500000| Complete 
| 122|0x000000008c600000, 0x000000008c700000, 0x000000008c700000|100%| E|CS|TAMS 0x000000008c600000, 0x000000008c600000| Complete 
| 123|0x000000008c700000, 0x000000008c800000, 0x000000008c800000|100%| E|CS|TAMS 0x000000008c700000, 0x000000008c700000| Complete 

Card table byte_map: [0x00000280c3110000,0x00000280c34f0000] _byte_map_base: 0x00000280c2cea000

Marking Bits (Prev, Next): (CMBitMap*) 0x00000280aa03aec0, (CMBitMap*) 0x00000280aa03af00
 Prev Bits: [0x00000280c38d0000, 0x00000280c57a0000)
 Next Bits: [0x00000280c57a0000, 0x00000280c7670000)

Polling page: 0x00000280aa0a0000

Metaspace:

Usage:
  Non-class:      8.47 MB used.
      Class:      1.09 MB used.
       Both:      9.56 MB used.

Virtual space:
  Non-class space:       64.00 MB reserved,       8.56 MB ( 13%) committed,  1 nodes.
      Class space:        1.00 GB reserved,       1.19 MB ( <1%) committed,  1 nodes.
             Both:        1.06 GB reserved,       9.75 MB ( <1%) committed. 

Chunk freelists:
   Non-Class:  3.00 MB
       Class:  2.74 MB
        Both:  5.74 MB

MaxMetaspaceSize: unlimited
CompressedClassSpaceSize: 1.00 GB
Initial GC threshold: 21.00 MB
Current GC threshold: 21.00 MB
CDS: on
MetaspaceReclaimPolicy: balanced
 - commit_granule_bytes: 65536.
 - commit_granule_words: 8192.
 - virtual_space_node_default_size: 8388608.
 - enlarge_chunks_in_place: 1.
 - new_chunks_are_fully_committed: 0.
 - uncommit_free_chunks: 1.
 - use_allocation_guard: 0.


Internal statistics:

num_allocs_failed_limit: 0.
num_arena_births: 164.
num_arena_deaths: 0.
num_vsnodes_births: 2.
num_vsnodes_deaths: 0.
num_space_committed: 156.
num_space_uncommitted: 0.
num_chunks_returned_to_freelist: 0.
num_chunks_taken_from_freelist: 195.
num_chunk_merges: 0.
num_chunk_splits: 127.
num_chunks_enlarged: 80.
num_inconsistent_stats: 0.

CodeHeap 'non-profiled nmethods': size=120000Kb used=318Kb max_used=318Kb free=119682Kb
 bounds [0x00000280bb1d0000, 0x00000280bb440000, 0x00000280c2700000]
CodeHeap 'profiled nmethods': size=120000Kb used=1650Kb max_used=1650Kb free=118349Kb
 bounds [0x00000280b3700000, 0x00000280b3970000, 0x00000280bac30000]
CodeHeap 'non-nmethods': size=5760Kb used=1424Kb max_used=1441Kb free=4335Kb
 bounds [0x00000280bac30000, 0x00000280baea0000, 0x00000280bb1d0000]
 total_blobs=1639 nmethods=971 adapters=579
 compilation: enabled
              stopped_count=0, restarted_count=0
 full_count=0

Compilation events (20 events):
Event: 0.440 Thread 0x00000280c9cad7d0  952 %     3       java.awt.LinearGradientPaintContext::fillRaster @ 50 (97 bytes)
Event: 0.441 Thread 0x00000280cf2eaa50 nmethod 927% 0x00000280bb21b110 code [0x00000280bb21b2e0, 0x00000280bb21c6d8]
Event: 0.441 Thread 0x00000280cf2eaa50  953       4       java.awt.MultipleGradientPaintContext::indexIntoGradientsArrays (190 bytes)
Event: 0.441 Thread 0x00000280c9cad7d0 nmethod 952% 0x00000280b388df10 code [0x00000280b388e0e0, 0x00000280b388e648]
Event: 0.441 Thread 0x00000280c9cad7d0  954       3       sun.java2d.marlin.Renderer::_endRendering (2480 bytes)
Event: 0.441 Thread 0x00000280cf2eaa50 nmethod 953 0x00000280bb21d510 code [0x00000280bb21d6c0, 0x00000280bb21d7f8]
Event: 0.441 Thread 0x00000280cf2eaa50  955 %     4       java.awt.LinearGradientPaintContext::fillRaster @ 50 (97 bytes)
Event: 0.446 Thread 0x00000280c9cad7d0 nmethod 954 0x00000280b388e890 code [0x00000280b388ee00, 0x00000280b3892988]
Event: 0.446 Thread 0x00000280c9cad7d0  951       3       sun.java2d.marlin.Renderer::addLine (538 bytes)
Event: 0.446 Thread 0x00000280c9cad7d0 nmethod 951 0x00000280b3895e90 code [0x00000280b3896140, 0x00000280b3896dd8]
Event: 0.446 Thread 0x00000280c9cad7d0  942       3       sun.java2d.pipe.AlphaColorPipe::renderPathTile (39 bytes)
Event: 0.446 Thread 0x00000280c9cad7d0 nmethod 942 0x00000280b3897490 code [0x00000280b3897640, 0x00000280b3897908]
Event: 0.447 Thread 0x00000280cf2eaa50 nmethod 955% 0x00000280bb21d910 code [0x00000280bb21dae0, 0x00000280bb21e238]
Event: 0.447 Thread 0x00000280cf2eaa50  957 %     4       sun.java2d.marlin.Renderer::_endRendering @ 784 (2480 bytes)
Event: 0.449 Thread 0x00000280c9cad7d0  959       3       sun.java2d.marlin.MarlinTileGenerator::getAlpha (28 bytes)
Event: 0.449 Thread 0x00000280c9cad7d0 nmethod 959 0x00000280b3897a10 code [0x00000280b3897be0, 0x00000280b3897db8]
Event: 0.450 Thread 0x00000280c9cad7d0  960       3       sun.java2d.marlin.IntArrayCache::fill (21 bytes)
Event: 0.450 Thread 0x00000280c9cad7d0 nmethod 960 0x00000280b3897e90 code [0x00000280b3898040, 0x00000280b38982c8]
Event: 0.450 Thread 0x00000280c9cad7d0  961       3       sun.java2d.marlin.MarlinCache::copyAARowNoRLE (362 bytes)
Event: 0.451 Thread 0x00000280c9cad7d0 nmethod 961 0x00000280b3898490 code [0x00000280b38986e0, 0x00000280b3899038]

GC Heap History (0 events):
No events

Dll operation events (9 events):
Event: 0.004 Loaded shared library C:\Program Files\Java\jdk-19\bin\java.dll
Event: 0.011 Loaded shared library C:\Program Files\Java\jdk-19\bin\jsvml.dll
Event: 0.048 Loaded shared library C:\Program Files\Java\jdk-19\bin\net.dll
Event: 0.049 Loaded shared library C:\Program Files\Java\jdk-19\bin\nio.dll
Event: 0.064 Loaded shared library C:\Program Files\Java\jdk-19\bin\zip.dll
Event: 0.072 Loaded shared library C:\Program Files\Java\jdk-19\bin\jimage.dll
Event: 0.081 Loaded shared library C:\Program Files\Java\jdk-19\bin\awt.dll
Event: 0.158 Loaded shared library C:\Program Files\Java\jdk-19\bin\freetype.dll
Event: 0.158 Loaded shared library C:\Program Files\Java\jdk-19\bin\fontmanager.dll

Deoptimization events (20 events):
Event: 0.458 Thread 0x00000280ce3b2020 DEOPT PACKING pc=0x00000280b388d231 sp=0x000000fd43ffd130
Event: 0.458 Thread 0x00000280ce3b2020 DEOPT UNPACKING pc=0x00000280bac9b0e3 sp=0x000000fd43ffc5a8 mode 0
Event: 0.458 Thread 0x00000280ce3b2020 DEOPT PACKING pc=0x00000280b388d231 sp=0x000000fd43ffd130
Event: 0.458 Thread 0x00000280ce3b2020 DEOPT UNPACKING pc=0x00000280bac9b0e3 sp=0x000000fd43ffc5a8 mode 0
Event: 0.459 Thread 0x00000280ce3b2020 DEOPT PACKING pc=0x00000280b388d231 sp=0x000000fd43ffd130
Event: 0.459 Thread 0x00000280ce3b2020 DEOPT UNPACKING pc=0x00000280bac9b0e3 sp=0x000000fd43ffc5a8 mode 0
Event: 0.459 Thread 0x00000280ce3b2020 DEOPT PACKING pc=0x00000280b388d231 sp=0x000000fd43ffd130
Event: 0.459 Thread 0x00000280ce3b2020 DEOPT UNPACKING pc=0x00000280bac9b0e3 sp=0x000000fd43ffc5a8 mode 0
Event: 0.459 Thread 0x00000280ce3b2020 DEOPT PACKING pc=0x00000280b388d231 sp=0x000000fd43ffd130
Event: 0.459 Thread 0x00000280ce3b2020 DEOPT UNPACKING pc=0x00000280bac9b0e3 sp=0x000000fd43ffc5a8 mode 0
Event: 0.459 Thread 0x00000280ce3b2020 DEOPT PACKING pc=0x00000280b388d231 sp=0x000000fd43ffd130
Event: 0.459 Thread 0x00000280ce3b2020 DEOPT UNPACKING pc=0x00000280bac9b0e3 sp=0x000000fd43ffc5a8 mode 0
Event: 0.459 Thread 0x00000280ce3b2020 DEOPT PACKING pc=0x00000280b388d231 sp=0x000000fd43ffd130
Event: 0.459 Thread 0x00000280ce3b2020 DEOPT UNPACKING pc=0x00000280bac9b0e3 sp=0x000000fd43ffc5a8 mode 0
Event: 0.459 Thread 0x00000280ce3b2020 DEOPT PACKING pc=0x00000280b388d231 sp=0x000000fd43ffd130
Event: 0.459 Thread 0x00000280ce3b2020 DEOPT UNPACKING pc=0x00000280bac9b0e3 sp=0x000000fd43ffc5a8 mode 0
Event: 0.460 Thread 0x00000280ce3b2020 DEOPT PACKING pc=0x00000280b388d231 sp=0x000000fd43ffd130
Event: 0.460 Thread 0x00000280ce3b2020 DEOPT UNPACKING pc=0x00000280bac9b0e3 sp=0x000000fd43ffc5a8 mode 0
Event: 0.460 Thread 0x00000280ce3b2020 DEOPT PACKING pc=0x00000280b388d231 sp=0x000000fd43ffd130
Event: 0.460 Thread 0x00000280ce3b2020 DEOPT UNPACKING pc=0x00000280bac9b0e3 sp=0x000000fd43ffc5a8 mode 0

Classes loaded (20 events):
Event: 0.391 Loading class java/awt/geom/Path2D$Float$TxIterator
Event: 0.391 Loading class java/awt/geom/Path2D$Float$TxIterator done
Event: 0.391 Loading class sun/java2d/marlin/Helpers
Event: 0.392 Loading class sun/java2d/marlin/Helpers done
Event: 0.392 Loading class java/lang/FdLibm$Cbrt
Event: 0.392 Loading class java/lang/FdLibm$Cbrt done
Event: 0.392 Loading class java/lang/FdLibm
Event: 0.392 Loading class java/lang/FdLibm done
Event: 0.392 Loading class sun/java2d/marlin/ArrayCacheConst
Event: 0.392 Loading class sun/java2d/marlin/ArrayCacheConst done
Event: 0.393 Loading class java/awt/LinearGradientPaintContext
Event: 0.393 Loading class java/awt/MultipleGradientPaintContext
Event: 0.393 Loading class java/awt/PaintContext
Event: 0.393 Loading class java/awt/PaintContext done
Event: 0.393 Loading class java/awt/MultipleGradientPaintContext done
Event: 0.393 Loading class java/awt/LinearGradientPaintContext done
Event: 0.393 Loading class sun/java2d/pipe/AlphaPaintPipe$TileContext
Event: 0.393 Loading class sun/java2d/pipe/AlphaPaintPipe$TileContext done
Event: 0.432 Loading class java/awt/geom/QuadCurve2D
Event: 0.432 Loading class java/awt/geom/QuadCurve2D done

Classes unloaded (0 events):
No events

Classes redefined (0 events):
No events

Internal exceptions (20 events):
Event: 0.182 Thread 0x00000280a9fdae20 Exception <a 'java/lang/ClassNotFoundException'{0x000000008c22a0b8}: ToggleButton> (0x000000008c22a0b8) 
thrown [s\open\src\hotspot\share\classfile\systemDictionary.cpp, line 255]
Event: 0.182 Thread 0x00000280a9fdae20 Exception <a 'java/lang/ClassNotFoundException'{0x000000008c22a4f8}: javax/swing/JToolBarSeparator> (0x000000008c22a4f8) 
thrown [s\open\src\hotspot\share\classfile\systemDictionary.cpp, line 255]
Event: 0.182 Thread 0x00000280a9fdae20 Exception <a 'java/lang/ClassNotFoundException'{0x000000008c22a808}: ToolBarSeparator> (0x000000008c22a808) 
thrown [s\open\src\hotspot\share\classfile\systemDictionary.cpp, line 255]
Event: 0.182 Thread 0x00000280a9fdae20 Exception <a 'java/lang/ClassNotFoundException'{0x000000008c22ad20}: ToolTip> (0x000000008c22ad20) 
thrown [s\open\src\hotspot\share\classfile\systemDictionary.cpp, line 255]
Event: 0.183 Thread 0x00000280a9fdae20 Exception <a 'java/lang/ClassNotFoundException'{0x000000008c22b670}: Tree> (0x000000008c22b670) 
thrown [s\open\src\hotspot\share\classfile\systemDictionary.cpp, line 255]
Event: 0.183 Thread 0x00000280a9fdae20 Exception <a 'java/lang/ClassNotFoundException'{0x000000008c22bb68}: Tree> (0x000000008c22bb68) 
thrown [s\open\src\hotspot\share\classfile\systemDictionary.cpp, line 255]
Event: 0.183 Thread 0x00000280a9fdae20 Exception <a 'java/lang/ClassNotFoundException'{0x000000008c22bed8}: javax/swing/JTreeCell> (0x000000008c22bed8) 
thrown [s\open\src\hotspot\share\classfile\systemDictionary.cpp, line 255]
Event: 0.183 Thread 0x00000280a9fdae20 Exception <a 'java/lang/ClassNotFoundException'{0x000000008c22c1e0}: TreeCell> (0x000000008c22c1e0) 
thrown [s\open\src\hotspot\share\classfile\systemDictionary.cpp, line 255]
Event: 0.183 Thread 0x00000280a9fdae20 Exception <a 'java/lang/ClassNotFoundException'{0x000000008c22c998}: RootPane> (0x000000008c22c998) 
thrown [s\open\src\hotspot\share\classfile\systemDictionary.cpp, line 255]
Event: 0.184 Thread 0x00000280a9fdae20 Exception <a 'java/lang/ClassNotFoundException'{0x000000008c22f740}: com/sun/swing/internal/plaf/metal/resources/spi/metalProvider> (0x000000008c22f740) 
thrown [s\open\src\hotspot\share\classfile\systemDictionary.cpp, line 255]
Event: 0.185 Thread 0x00000280a9fdae20 Exception <a 'java/lang/ClassNotFoundException'{0x000000008c233410}: com/sun/swing/internal/plaf/basic/resources/spi/basicProvider> (0x000000008c233410) 
thrown [s\open\src\hotspot\share\classfile\systemDictionary.cpp, line 255]
Event: 0.206 Thread 0x00000280ce3b2020 Exception <a 'java/lang/ClassNotFoundException'{0x000000008c29a118}: com/sun/swing/internal/plaf/synth/resources/spi/synthProvider> (0x000000008c29a118) 
thrown [s\open\src\hotspot\share\classfile\systemDictionary.cpp, line 255]
Event: 0.219 Thread 0x00000280ce3b2020 Exception <a 'java/lang/NoSuchMethodError'{0x000000008c115a60}: 'int java.lang.invoke.Invokers$Holder.invokeExact_MT(java.lang.Object, java.lang.Object)'> (0x000000008c115a60) 
thrown [s\open\src\hotspot\share\interpreter\linkResolver.cpp, line 774]
Event: 0.222 Thread 0x00000280ce3b2020 Exception <a 'java/lang/NoSuchMethodError'{0x000000008c11d058}: 'java.lang.Object java.lang.invoke.DirectMethodHandle$Holder.newInvokeSpecial(java.lang.Object, java.lang.Object, int)'> (0x000000008c11d058) 
thrown [s\open\src\hotspot\share\interpreter\linkResolver.cpp, line 774]
Event: 0.223 Thread 0x00000280ce3b2020 Exception <a 'java/lang/NoSuchMethodError'{0x000000008c1222a0}: 'int java.lang.invoke.DirectMethodHandle$Holder.invokeSpecial(java.lang.Object, java.lang.Object, java.lang.Object, int)'> (0x000000008c1222a0) 
thrown [s\open\src\hotspot\share\interpreter\linkResolver.cpp, line 774]
Event: 0.224 Thread 0x00000280ce3b2020 Exception <a 'java/lang/NoSuchMethodError'{0x000000008c134bd0}: 'java.lang.Object java.lang.invoke.DirectMethodHandle$Holder.invokeStatic(java.lang.Object, java.lang.Object, java.lang.Object, java.lang.Object, int)'> (0x000000008c134bd0) 
thrown [s\open\src\hotspot\share\interpreter\linkResolver.cpp, line 774]
Event: 0.225 Thread 0x00000280ce3b2020 Exception <a 'java/lang/NoSuchMethodError'{0x000000008c140bd8}: 'int java.lang.invoke.DirectMethodHandle$Holder.invokeSpecial(java.lang.Object, java.lang.Object, java.lang.Object)'> (0x000000008c140bd8) 
thrown [s\open\src\hotspot\share\interpreter\linkResolver.cpp, line 774]
Event: 0.262 Thread 0x00000280ce2e2430 Exception <a 'java/lang/NoSuchMethodError'{0x000000008c494ee0}: 'void java.lang.invoke.DirectMethodHandle$Holder.invokeVirtual(java.lang.Object, java.lang.Object)'> (0x000000008c494ee0) 
thrown [s\open\src\hotspot\share\interpreter\linkResolver.cpp, line 774]
Event: 0.270 Thread 0x00000280ce3b2020 Exception <a 'java/lang/NoSuchMethodError'{0x000000008c016540}: 'void java.lang.invoke.DirectMethodHandle$Holder.invokeStaticInit(java.lang.Object)'> (0x000000008c016540) 
thrown [s\open\src\hotspot\share\interpreter\linkResolver.cpp, line 774]
Event: 0.300 Thread 0x00000280cf2beea0 Exception <a 'java/lang/NoSuchMethodError'{0x000000008c096a58}: 'java.lang.Object java.lang.invoke.DirectMethodHandle$Holder.newInvokeSpecial(java.lang.Object, java.lang.Object, java.lang.Object, int, int, int, int, int)'> (0x000000008c096a58) 
thrown [s\open\src\hotspot\share\interpreter\linkResolver.cpp, line 774]

VM Operations (8 events):
Event: 0.052 Executing VM operation: HandshakeAllThreads
Event: 0.052 Executing VM operation: HandshakeAllThreads done
Event: 0.097 Executing VM operation: HandshakeAllThreads
Event: 0.097 Executing VM operation: HandshakeAllThreads done
Event: 0.238 Executing VM operation: HandshakeAllThreads
Event: 0.238 Executing VM operation: HandshakeAllThreads done
Event: 0.323 Executing VM operation: HandshakeAllThreads
Event: 0.323 Executing VM operation: HandshakeAllThreads done

Events (20 events):
Event: 0.021 Thread 0x00000280c9c98170 Thread added: 0x00000280c9c98170
Event: 0.021 Thread 0x00000280c9c98b90 Thread added: 0x00000280c9c98b90
Event: 0.021 Thread 0x00000280c9c9b920 Thread added: 0x00000280c9c9b920
Event: 0.021 Thread 0x00000280c9c9c340 Thread added: 0x00000280c9c9c340
Event: 0.021 Thread 0x00000280c9c9cd60 Thread added: 0x00000280c9c9cd60
Event: 0.021 Thread 0x00000280c9c9d780 Thread added: 0x00000280c9c9d780
Event: 0.021 Thread 0x00000280c9ca24f0 Thread added: 0x00000280c9ca24f0
Event: 0.021 Thread 0x00000280c9cad7d0 Thread added: 0x00000280c9cad7d0
Event: 0.021 Thread 0x00000280c9cadd50 Thread added: 0x00000280c9cadd50
Event: 0.039 Thread 0x00000280ce0b1f00 Thread added: 0x00000280ce0b1f00
Event: 0.061 Thread 0x00000280ce149e90 Thread added: 0x00000280ce149e90
Event: 0.113 Thread 0x00000280ce1a4190 Thread added: 0x00000280ce1a4190
Event: 0.114 Thread 0x00000280ce2e1ef0 Thread added: 0x00000280ce2e1ef0
Event: 0.115 Thread 0x00000280ce2e2430 Thread added: 0x00000280ce2e2430
Event: 0.193 Thread 0x00000280ce3b2020 Thread added: 0x00000280ce3b2020
Event: 0.194 Thread 0x00000280a9fdae20 Thread exited: 0x00000280a9fdae20
Event: 0.194 Thread 0x00000280a9fdae20 Thread added: 0x00000280a9fdae20
Event: 0.258 Thread 0x00000280cf1c2ea0 Thread added: 0x00000280cf1c2ea0
Event: 0.298 Thread 0x00000280cf2beea0 Thread added: 0x00000280cf2beea0
Event: 0.393 Thread 0x00000280cf2eaa50 Thread added: 0x00000280cf2eaa50


Dynamic libraries:
0x00007ff6d5410000 - 0x00007ff6d5420000 	C:\Program Files\Java\jdk-19\bin\java.exe
0x00007ffb2dcd0000 - 0x00007ffb2dee4000 	C:\WINDOWS\SYSTEM32\ntdll.dll
0x00007ffb2cf80000 - 0x00007ffb2d042000 	C:\WINDOWS\System32\KERNEL32.DLL
0x00007ffb2b2c0000 - 0x00007ffb2b65d000 	C:\WINDOWS\System32\KERNELBASE.dll
0x00007ffb2b840000 - 0x00007ffb2b951000 	C:\WINDOWS\System32\ucrtbase.dll
0x00007ffb16bf0000 - 0x00007ffb16c0b000 	C:\Program Files\Java\jdk-19\bin\VCRUNTIME140.dll
0x00007ffb164b0000 - 0x00007ffb164c8000 	C:\Program Files\Java\jdk-19\bin\jli.dll
0x00007ffb2d490000 - 0x00007ffb2d53e000 	C:\WINDOWS\System32\ADVAPI32.dll
0x00007ffb2d050000 - 0x00007ffb2d0f7000 	C:\WINDOWS\System32\msvcrt.dll
0x00007ffb2d6e0000 - 0x00007ffb2d784000 	C:\WINDOWS\System32\sechost.dll
0x00007ffb2bad0000 - 0x00007ffb2bbe5000 	C:\WINDOWS\System32\RPCRT4.dll
0x00007ffb2bc50000 - 0x00007ffb2bdfa000 	C:\WINDOWS\System32\USER32.dll
0x00007ffb2b290000 - 0x00007ffb2b2b6000 	C:\WINDOWS\System32\win32u.dll
0x00007ffb1d1a0000 - 0x00007ffb1d42e000 	C:\WINDOWS\WinSxS\amd64_microsoft.windows.common-controls_6595b64144ccf1df_6.0.22621.608_none_a9444ca7c10bb01d\COMCTL32.dll
0x00007ffb2d280000 - 0x00007ffb2d2a9000 	C:\WINDOWS\System32\GDI32.dll
0x00007ffb2b100000 - 0x00007ffb2b212000 	C:\WINDOWS\System32\gdi32full.dll
0x00007ffb2b7a0000 - 0x00007ffb2b83a000 	C:\WINDOWS\System32\msvcp_win.dll
0x00007ffb23c60000 - 0x00007ffb23c6a000 	C:\WINDOWS\SYSTEM32\VERSION.dll
0x00007ffb2c090000 - 0x00007ffb2c0c2000 	C:\WINDOWS\System32\IMM32.DLL
0x00007ffb21f30000 - 0x00007ffb21f3c000 	C:\Program Files\Java\jdk-19\bin\vcruntime140_1.dll
0x00007ffb127d0000 - 0x00007ffb1285e000 	C:\Program Files\Java\jdk-19\bin\msvcp140.dll
0x00007ffadb580000 - 0x00007ffadc240000 	C:\Program Files\Java\jdk-19\bin\server\jvm.dll
0x00007ffb25e00000 - 0x00007ffb25e09000 	C:\WINDOWS\SYSTEM32\WSOCK32.dll
0x00007ffb2dc10000 - 0x00007ffb2dc81000 	C:\WINDOWS\System32\WS2_32.dll
0x00007ffb21e20000 - 0x00007ffb21e54000 	C:\WINDOWS\SYSTEM32\WINMM.dll
0x00007ffb2a170000 - 0x00007ffb2a188000 	C:\WINDOWS\SYSTEM32\kernel.appcore.dll
0x00007ffb18260000 - 0x00007ffb1826a000 	C:\Program Files\Java\jdk-19\bin\jimage.dll
0x00007ffb28e10000 - 0x00007ffb2903e000 	C:\WINDOWS\SYSTEM32\DBGHELP.DLL
0x00007ffb2c240000 - 0x00007ffb2c5ca000 	C:\WINDOWS\System32\combase.dll
0x00007ffb2d2c0000 - 0x00007ffb2d397000 	C:\WINDOWS\System32\OLEAUT32.dll
0x00007ffb0b340000 - 0x00007ffb0b372000 	C:\WINDOWS\SYSTEM32\dbgcore.DLL
0x00007ffb2b660000 - 0x00007ffb2b6db000 	C:\WINDOWS\System32\bcryptPrimitives.dll
0x00007ffb161a0000 - 0x00007ffb161c6000 	C:\Program Files\Java\jdk-19\bin\java.dll
0x00007ffaed550000 - 0x00007ffaed627000 	C:\Program Files\Java\jdk-19\bin\jsvml.dll
0x00007ffb2c5d0000 - 0x00007ffb2cdb0000 	C:\WINDOWS\System32\SHELL32.dll
0x00007ffb29040000 - 0x00007ffb29905000 	C:\WINDOWS\SYSTEM32\windows.storage.dll
0x00007ffb28cd0000 - 0x00007ffb28e0e000 	C:\WINDOWS\SYSTEM32\wintypes.dll
0x00007ffb2c0d0000 - 0x00007ffb2c1c1000 	C:\WINDOWS\System32\SHCORE.dll
0x00007ffb2be00000 - 0x00007ffb2be5e000 	C:\WINDOWS\System32\shlwapi.dll
0x00007ffb2b030000 - 0x00007ffb2b051000 	C:\WINDOWS\SYSTEM32\profapi.dll
0x00007ffb15f90000 - 0x00007ffb15fa3000 	C:\Program Files\Java\jdk-19\bin\net.dll
0x00007ffb23e20000 - 0x00007ffb23f4f000 	C:\WINDOWS\SYSTEM32\WINHTTP.dll
0x00007ffb2a5d0000 - 0x00007ffb2a639000 	C:\WINDOWS\system32\mswsock.dll
0x00007ffb15f50000 - 0x00007ffb15f66000 	C:\Program Files\Java\jdk-19\bin\nio.dll
0x00007ffb13f60000 - 0x00007ffb13f78000 	C:\Program Files\Java\jdk-19\bin\zip.dll
0x00007ffae1bf0000 - 0x00007ffae1d81000 	C:\Program Files\Java\jdk-19\bin\awt.dll
0x00007ffb27f40000 - 0x00007ffb27fd7000 	C:\WINDOWS\SYSTEM32\apphelp.dll
0x00007ffb28340000 - 0x00007ffb283eb000 	C:\WINDOWS\system32\uxtheme.dll
0x00007ffb2d540000 - 0x00007ffb2d65e000 	C:\WINDOWS\System32\MSCTF.dll
0x00007ffb2bef0000 - 0x00007ffb2c08c000 	C:\WINDOWS\System32\ole32.dll
0x00007ffb285a0000 - 0x00007ffb285cb000 	C:\WINDOWS\system32\DWMAPI.DLL
0x00007ffb12a70000 - 0x00007ffb12af6000 	C:\Program Files\Java\jdk-19\bin\freetype.dll
0x00007ffb0d280000 - 0x00007ffb0d329000 	C:\Program Files\Java\jdk-19\bin\fontmanager.dll
0x00007ffadfcc0000 - 0x00007ffadfdc0000 	C:\WINDOWS\system32\opengl32.dll
0x00007ffb16420000 - 0x00007ffb1644d000 	C:\WINDOWS\SYSTEM32\GLU32.dll
0x00007ffb28430000 - 0x00007ffb28466000 	C:\WINDOWS\SYSTEM32\dxcore.dll
0x00007ffb2d3b0000 - 0x00007ffb2d467000 	C:\WINDOWS\System32\clbcatq.dll
0x00007ffb260a0000 - 0x00007ffb26250000 	C:\WINDOWS\SYSTEM32\WindowsCodecs.dll
0x00007ffb0f6c0000 - 0x00007ffb0f71e000 	C:\WINDOWS\system32\dataexchange.dll
0x00007ffb23840000 - 0x00007ffb23aaa000 	C:\WINDOWS\system32\twinapi.appcore.dll
0x00007ffb18e70000 - 0x00007ffb18f9d000 	C:\WINDOWS\SYSTEM32\textinputframework.dll

dbghelp: loaded successfully - version: 4.0.5 - missing functions: none
symbol engine: initialized successfully - sym options: 0x614 - pdb path: .;C:\Program Files\Java\jdk-19\bin;C:\WINDOWS\SYSTEM32;C:\WINDOWS\WinSxS\amd64_microsoft.windows.common-controls_6595b64144ccf1df_6.0.22621.608_none_a9444ca7c10bb01d;C:\Program Files\Java\jdk-19\bin\server

VM Arguments:
jvm_args: -Dfile.encoding=UTF-8 --module-path=C:\Users\sergi\Documents\NetBeansProjects\ProyectCine\build\classes 
java_command: view.View
java_class_path (initial): C:\Users\sergi\Desktop\tercer semestre\POO\json-simple-1.1.1.jar\json-simple-1.1.1.jar;C:\Program Files\NetBeans-15\netbeans\java\modules\ext\AbsoluteLayout.jar;C:\Users\sergi\Documents\NetBeansProjects\ProyectCine\build\classes
Launcher Type: SUN_STANDARD

[Global flags]
     intx CICompilerCount                          = 3                                         {product} {ergonomic}
     uint ConcGCThreads                            = 1                                         {product} {ergonomic}
     uint G1ConcRefinementThreads                  = 4                                         {product} {ergonomic}
   size_t G1HeapRegionSize                         = 1048576                                   {product} {ergonomic}
    uintx GCDrainStackTargetSize                   = 64                                        {product} {ergonomic}
   size_t InitialHeapSize                          = 130023424                                 {product} {ergonomic}
   size_t MarkStackSize                            = 4194304                                   {product} {ergonomic}
   size_t MaxHeapSize                              = 2067791872                                {product} {ergonomic}
   size_t MaxNewSize                               = 1240465408                                {product} {ergonomic}
   size_t MinHeapDeltaBytes                        = 1048576                                   {product} {ergonomic}
   size_t MinHeapSize                              = 8388608                                   {product} {ergonomic}
    uintx NonNMethodCodeHeapSize                   = 5832780                                {pd product} {ergonomic}
    uintx NonProfiledCodeHeapSize                  = 122912730                              {pd product} {ergonomic}
    uintx ProfiledCodeHeapSize                     = 122912730                              {pd product} {ergonomic}
    uintx ReservedCodeCacheSize                    = 251658240                              {pd product} {ergonomic}
     bool SegmentedCodeCache                       = true                                      {product} {ergonomic}
   size_t SoftMaxHeapSize                          = 2067791872                             {manageable} {ergonomic}
     bool UseCompressedClassPointers               = true                           {product lp64_product} {ergonomic}
     bool UseCompressedOops                        = true                           {product lp64_product} {ergonomic}
     bool UseG1GC                                  = true                                      {product} {ergonomic}
     bool UseLargePagesIndividualAllocation        = false                                  {pd product} {ergonomic}

Logging:
Log output configuration:
 #0: stdout all=warning uptime,level,tags foldmultilines=false
 #1: stderr all=off uptime,level,tags foldmultilines=false

Environment Variables:
JAVA_HOME=C:\Program Files\Java\jdk-19
PATH=C:\Program Files\Common Files\Oracle\Java\javapath;C:\Program Files\Microsoft MPI\Bin\;C:\ProgramData\Oracle\Java\javapath;C:\WINDOWS\system32;C:\WINDOWS;C:\WINDOWS\System32\Wbem;C:\WINDOWS\System32\WindowsPowerShell\v1.0\;C:\WINDOWS\System32\OpenSSH\;C:\Program Files\Java\jdk-16.0.1\bin;C:\MinGW\bin;C:\Program Files\dotnet\;C:\Program Files (x86)\Microsoft SQL Server\150\Tools\Binn\;C:\Program Files\Microsoft SQL Server\150\Tools\Binn\;C:\Program Files (x86)\Microsoft SQL Server\150\DTS\Binn\;C:\Program Files\Microsoft SQL Server\150\DTS\Binn\;C:\Program Files\Microsoft SQL Server\Client SDK\ODBC\170\Tools\Binn\;C:\Program Files\Azure Data Studio\bin;C:\Program Files\MySQL\MySQL Server 8.0\bin;C:\Program Files\Git\cmd;C:\Program Files\Microsoft SQL Server\130\Tools\Binn\;C:\WINDOWS\system32;C:\WINDOWS;C:\WINDOWS\System32\Wbem;C:\WINDOWS\System32\WindowsPowerShell\v1.0\;C:\WINDOWS\System32\OpenSSH\;C:\Program Files\Java\jdk-19\bin;C:\Program Files\nodejs\;C:\Users\sergi\AppData\Local\Programs\Python\Python310\Scripts\;C:\Users\sergi\AppData\Local\Programs\Python\Python310\;C:\Program Files\MySQL\MySQL Shell 8.0\bin\;C:\Users\sergi\AppData\Local\Microsoft\WindowsApps;C:\Program Files\JetBrains\PyCharm 2021.1.1\bin;;C:\Users\sergi\AppData\Local\Programs\Microsoft VS Code\bin;C:\MinGW\bin;C:\Users\sergi\.dotnet\tools;C:\Program Files\Azure Data Studio\bin;C:\Program Files\MySQL\MySQL Server 8.0\bin;C:\Users\sergi\AppData\Roaming\npm
USERNAME=sergi
OS=Windows_NT
PROCESSOR_IDENTIFIER=Intel64 Family 6 Model 140 Stepping 1, GenuineIntel
TMP=C:\Users\sergi\AppData\Local\Temp
TEMP=C:\Users\sergi\AppData\Local\Temp



---------------  S Y S T E M  ---------------

OS:
 Windows 11 , 64 bit Build 22621 (10.0.22621.755)
OS uptime: 1 days 5:20 hours

CPU: total 4 (initial active 4) (2 cores per cpu, 2 threads per core) family 6 model 140 stepping 1 microcode 0x86, cx8, cmov, fxsr, ht, mmx, 3dnowpref, sse, sse2, sse3, ssse3, sse4.1, sse4.2, popcnt, lzcnt, tsc, tscinvbit, avx, avx2, aes, erms, clmul, bmi1, bmi2, adx, avx512f, avx512dq, avx512cd, avx512bw, avx512vl, sha, fma, vzeroupper, avx512_vpopcntdq, avx512_vpclmulqdq, avx512_vaes, avx512_vnni, clflush, clflushopt, clwb, avx512_vbmi2, avx512_vbmi, rdtscp, rdpid, fsrm, gfni, avx512_bitalg

Memory: 4k page, system-wide physical 7885M (443M free)
TotalPageFile size 14385M (AvailPageFile size 3M)
current process WorkingSet (physical memory assigned to process): 78M, peak: 78M
current process commit charge ("private bytes"): 221M, peak: 228M

vm_info: Java HotSpot(TM) 64-Bit Server VM (19+36-2238) for windows-amd64 JRE (19+36-2238), built on 2022-08-12T20:29:01Z by "mach5one" with MS VC++ 17.1 (VS2022)

END.
